<?xml version="1.0" encoding="UTF-8"?>
<!-- Generated by org.testng.reporters.JUnitXMLReporter -->
<testsuite ignored="2" hostname="Jasper" failures="0" tests="2" name="Default test" time="19.936" errors="0" timestamp="2024-06-12T19:11:06 CST">
  <testcase classname="learningpkg.Locators" name="byLink" time="4.335"/>
  <testcase classname="learningpkg.Locators" name="byPartialLinkText" time="4.099"/>
  <testcase classname="learningpkg.Locators" name="byName" time="0.0">
    <ignored/>
  </testcase> <!-- byName -->
  <testcase classname="learningpkg.Locators" name="byId" time="0.0">
    <ignored/>
  </testcase> <!-- byId -->
</testsuite> <!-- Default test -->
