<?xml version="1.0" encoding="UTF-8"?>
<testng-results ignored="0" total="2" passed="2" failed="0" skipped="0">
  <reporter-output>
  </reporter-output>
  <suite started-at="2024-06-12T19:10:46 CST" name="Default suite" finished-at="2024-06-12T19:11:06 CST" duration-ms="19936">
    <groups>
    </groups>
    <test started-at="2024-06-12T19:10:46 CST" name="Default test" finished-at="2024-06-12T19:11:06 CST" duration-ms="19936">
      <class name="learningpkg.Locators">
        <test-method is-config="true" signature="beforeClass()[pri:0, instance:learningpkg.Locators@4a83a74a]" started-at="2024-06-12T19:10:46 CST" name="beforeClass" finished-at="2024-06-12T19:10:50 CST" duration-ms="3436" status="PASS">
          <reporter-output>
          </reporter-output>
        </test-method> <!-- beforeClass -->
        <test-method is-config="true" signature="beforeMethod()[pri:0, instance:learningpkg.Locators@4a83a74a]" started-at="2024-06-12T19:10:50 CST" name="beforeMethod" finished-at="2024-06-12T19:10:54 CST" duration-ms="4012" status="PASS">
          <reporter-output>
          </reporter-output>
        </test-method> <!-- beforeMethod -->
        <test-method signature="byLink()[pri:0, instance:learningpkg.Locators@4a83a74a]" started-at="2024-06-12T19:10:54 CST" name="byLink" finished-at="2024-06-12T19:10:58 CST" duration-ms="4335" status="PASS">
          <reporter-output>
          </reporter-output>
        </test-method> <!-- byLink -->
        <test-method is-config="true" signature="afterMethod()[pri:0, instance:learningpkg.Locators@4a83a74a]" started-at="2024-06-12T19:10:58 CST" name="afterMethod" finished-at="2024-06-12T19:10:58 CST" duration-ms="0" status="PASS">
          <reporter-output>
          </reporter-output>
        </test-method> <!-- afterMethod -->
        <test-method is-config="true" signature="beforeMethod()[pri:0, instance:learningpkg.Locators@4a83a74a]" started-at="2024-06-12T19:10:58 CST" name="beforeMethod" finished-at="2024-06-12T19:11:02 CST" duration-ms="4012" status="PASS">
          <reporter-output>
          </reporter-output>
        </test-method> <!-- beforeMethod -->
        <test-method signature="byPartialLinkText()[pri:0, instance:learningpkg.Locators@4a83a74a]" started-at="2024-06-12T19:11:02 CST" name="byPartialLinkText" finished-at="2024-06-12T19:11:06 CST" duration-ms="4099" status="PASS">
          <reporter-output>
          </reporter-output>
        </test-method> <!-- byPartialLinkText -->
        <test-method is-config="true" signature="afterMethod()[pri:0, instance:learningpkg.Locators@4a83a74a]" started-at="2024-06-12T19:11:06 CST" name="afterMethod" finished-at="2024-06-12T19:11:06 CST" duration-ms="0" status="PASS">
          <reporter-output>
          </reporter-output>
        </test-method> <!-- afterMethod -->
        <test-method is-config="true" signature="afterClass()[pri:0, instance:learningpkg.Locators@4a83a74a]" started-at="2024-06-12T19:11:06 CST" name="afterClass" finished-at="2024-06-12T19:11:06 CST" duration-ms="0" status="PASS">
          <reporter-output>
          </reporter-output>
        </test-method> <!-- afterClass -->
      </class> <!-- learningpkg.Locators -->
    </test> <!-- Default test -->
  </suite> <!-- Default suite -->
</testng-results>
