<?xml version="1.0" encoding="UTF-8"?>
<testng-results ignored="0" total="4" passed="4" failed="0" skipped="0">
  <reporter-output>
  </reporter-output>
  <suite started-at="2024-06-17T19:02:33 CST" name="Default suite" finished-at="2024-06-17T19:03:29 CST" duration-ms="55221">
    <groups>
    </groups>
    <test started-at="2024-06-17T19:02:33 CST" name="Default test" finished-at="2024-06-17T19:03:29 CST" duration-ms="55221">
      <class name="assignments.LoginTestcases">
        <test-method is-config="true" signature="beforeMethod()[pri:0, instance:assignments.LoginTestcases@11392934]" started-at="2024-06-17T19:02:33 CST" name="beforeMethod" finished-at="2024-06-17T19:02:43 CST" duration-ms="10082" status="PASS">
          <reporter-output>
          </reporter-output>
        </test-method> <!-- beforeMethod -->
        <test-method signature="TestCas1()[pri:0, instance:assignments.LoginTestcases@11392934]" started-at="2024-06-17T19:02:43 CST" name="TestCas1" finished-at="2024-06-17T19:02:45 CST" duration-ms="2072" status="PASS">
          <reporter-output>
          </reporter-output>
        </test-method> <!-- TestCas1 -->
        <test-method is-config="true" signature="afterMethod()[pri:0, instance:assignments.LoginTestcases@11392934]" started-at="2024-06-17T19:02:46 CST" name="afterMethod" finished-at="2024-06-17T19:02:46 CST" duration-ms="240" status="PASS">
          <reporter-output>
          </reporter-output>
        </test-method> <!-- afterMethod -->
        <test-method is-config="true" signature="beforeMethod()[pri:0, instance:assignments.LoginTestcases@11392934]" started-at="2024-06-17T19:02:46 CST" name="beforeMethod" finished-at="2024-06-17T19:02:56 CST" duration-ms="10667" status="PASS">
          <reporter-output>
          </reporter-output>
        </test-method> <!-- beforeMethod -->
        <test-method signature="TestCas2()[pri:0, instance:assignments.LoginTestcases@11392934]" started-at="2024-06-17T19:02:56 CST" name="TestCas2" finished-at="2024-06-17T19:03:00 CST" duration-ms="3538" status="PASS">
          <reporter-output>
          </reporter-output>
        </test-method> <!-- TestCas2 -->
        <test-method is-config="true" signature="afterMethod()[pri:0, instance:assignments.LoginTestcases@11392934]" started-at="2024-06-17T19:03:00 CST" name="afterMethod" finished-at="2024-06-17T19:03:00 CST" duration-ms="294" status="PASS">
          <reporter-output>
          </reporter-output>
        </test-method> <!-- afterMethod -->
        <test-method is-config="true" signature="beforeMethod()[pri:0, instance:assignments.LoginTestcases@11392934]" started-at="2024-06-17T19:03:00 CST" name="beforeMethod" finished-at="2024-06-17T19:03:09 CST" duration-ms="8764" status="PASS">
          <reporter-output>
          </reporter-output>
        </test-method> <!-- beforeMethod -->
        <test-method signature="TestCas3()[pri:0, instance:assignments.LoginTestcases@11392934]" started-at="2024-06-17T19:03:09 CST" name="TestCas3" finished-at="2024-06-17T19:03:12 CST" duration-ms="2921" status="PASS">
          <reporter-output>
          </reporter-output>
        </test-method> <!-- TestCas3 -->
        <test-method is-config="true" signature="afterMethod()[pri:0, instance:assignments.LoginTestcases@11392934]" started-at="2024-06-17T19:03:12 CST" name="afterMethod" finished-at="2024-06-17T19:03:12 CST" duration-ms="224" status="PASS">
          <reporter-output>
          </reporter-output>
        </test-method> <!-- afterMethod -->
        <test-method is-config="true" signature="beforeMethod()[pri:0, instance:assignments.LoginTestcases@11392934]" started-at="2024-06-17T19:03:12 CST" name="beforeMethod" finished-at="2024-06-17T19:03:22 CST" duration-ms="9898" status="PASS">
          <reporter-output>
          </reporter-output>
        </test-method> <!-- beforeMethod -->
        <test-method signature="TestCas4()[pri:0, instance:assignments.LoginTestcases@11392934]" started-at="2024-06-17T19:03:22 CST" name="TestCas4" finished-at="2024-06-17T19:03:28 CST" duration-ms="6225" status="PASS">
          <reporter-output>
          </reporter-output>
        </test-method> <!-- TestCas4 -->
        <test-method is-config="true" signature="afterMethod()[pri:0, instance:assignments.LoginTestcases@11392934]" started-at="2024-06-17T19:03:28 CST" name="afterMethod" finished-at="2024-06-17T19:03:29 CST" duration-ms="219" status="PASS">
          <reporter-output>
          </reporter-output>
        </test-method> <!-- afterMethod -->
      </class> <!-- assignments.LoginTestcases -->
    </test> <!-- Default test -->
  </suite> <!-- Default suite -->
</testng-results>
