<?xml version="1.0" encoding="UTF-8"?>
<!-- Generated by org.testng.reporters.JUnitXMLReporter -->
<testsuite ignored="0" hostname="Jasper" failures="0" tests="4" name="Default test" time="55.221" errors="0" timestamp="2024-06-17T19:03:29 CST">
  <testcase classname="assignments.LoginTestcases" name="TestCas1" time="2.072"/>
  <testcase classname="assignments.LoginTestcases" name="TestCas2" time="3.538"/>
  <testcase classname="assignments.LoginTestcases" name="TestCas3" time="2.921"/>
  <testcase classname="assignments.LoginTestcases" name="TestCas4" time="6.225"/>
</testsuite> <!-- Default test -->
