<?xml version="1.0" encoding="UTF-8"?>
<!-- Generated by org.testng.reporters.JUnitXMLReporter -->
<testsuite ignored="0" hostname="Jasper" failures="0" tests="3" name="Default test" time="16.576" errors="0" timestamp="2024-06-24T15:16:54 CST">
  <testcase classname="assignments.Assignment2" name="Test1" time="3.428"/>
  <testcase classname="assignments.Assignment2" name="Test2" time="0.431"/>
  <testcase classname="assignments.Assignment2" name="Test3" time="3.053"/>
</testsuite> <!-- Default test -->
